2023-11-14T11:13:54,933|#|INFO|#|46732|#|main|#|org.apache.kafka.clients.producer.ProducerConfig.logAll:279|#|ProducerConfig values: 
	acks = 1
	batch.size = 16384
	bootstrap.servers = [10.0.60.141:9092, 0.0.60.142:9092, 10.0.60.143:9092]
	buffer.memory = 33554432
	client.id = 
	compression.type = none
	connections.max.idle.ms = 540000
	enable.idempotence = false
	interceptor.classes = []
	key.serializer = class org.apache.kafka.common.serialization.StringSerializer
	linger.ms = 0
	max.block.ms = 60000
	max.in.flight.requests.per.connection = 5
	max.request.size = 1048576
	metadata.max.age.ms = 300000
	metric.reporters = []
	metrics.num.samples = 2
	metrics.recording.level = INFO
	metrics.sample.window.ms = 30000
	partitioner.class = class org.apache.kafka.clients.producer.internals.DefaultPartitioner
	receive.buffer.bytes = 32768
	reconnect.backoff.max.ms = 1000
	reconnect.backoff.ms = 50
	request.timeout.ms = 30000
	retries = 0
	retry.backoff.ms = 100
	sasl.jaas.config = null
	sasl.kerberos.kinit.cmd = /usr/bin/kinit
	sasl.kerberos.min.time.before.relogin = 60000
	sasl.kerberos.service.name = null
	sasl.kerberos.ticket.renew.jitter = 0.05
	sasl.kerberos.ticket.renew.window.factor = 0.8
	sasl.mechanism = GSSAPI
	security.protocol = PLAINTEXT
	send.buffer.bytes = 131072
	ssl.cipher.suites = null
	ssl.enabled.protocols = [TLSv1.2, TLSv1.1, TLSv1]
	ssl.endpoint.identification.algorithm = null
	ssl.key.password = null
	ssl.keymanager.algorithm = SunX509
	ssl.keystore.location = null
	ssl.keystore.password = null
	ssl.keystore.type = JKS
	ssl.protocol = TLS
	ssl.provider = null
	ssl.secure.random.implementation = null
	ssl.trustmanager.algorithm = PKIX
	ssl.truststore.location = null
	ssl.truststore.password = null
	ssl.truststore.type = JKS
	transaction.timeout.ms = 60000
	transactional.id = null
	value.serializer = class org.apache.kafka.common.serialization.StringSerializer

2023-11-14T11:13:54,998|#|WARN|#|46732|#|main|#|org.apache.kafka.clients.producer.ProducerConfig.logUnused:287|#|The configuration 'key.deserializer' was supplied but isn't a known config.
2023-11-14T11:13:54,998|#|WARN|#|46732|#|main|#|org.apache.kafka.clients.producer.ProducerConfig.logUnused:287|#|The configuration 'value.deserializer' was supplied but isn't a known config.
2023-11-14T11:13:54,998|#|WARN|#|46732|#|main|#|org.apache.kafka.clients.producer.ProducerConfig.logUnused:287|#|The configuration 'enable.auto.commit' was supplied but isn't a known config.
2023-11-14T11:13:54,998|#|WARN|#|46732|#|main|#|org.apache.kafka.clients.producer.ProducerConfig.logUnused:287|#|The configuration 'group.id' was supplied but isn't a known config.
2023-11-14T11:13:54,999|#|WARN|#|46732|#|main|#|org.apache.kafka.clients.producer.ProducerConfig.logUnused:287|#|The configuration 'auto.commit.interval.ms' was supplied but isn't a known config.
2023-11-14T11:13:54,999|#|WARN|#|46732|#|main|#|org.apache.kafka.clients.producer.ProducerConfig.logUnused:287|#|The configuration 'session.timeout.ms' was supplied but isn't a known config.
2023-11-14T11:13:54,999|#|WARN|#|46732|#|main|#|org.apache.kafka.clients.producer.ProducerConfig.logUnused:287|#|The configuration 'auto.offset.reset' was supplied but isn't a known config.
2023-11-14T11:13:55,001|#|INFO|#|46732|#|main|#|org.apache.kafka.common.utils.AppInfoParser.<init>:109|#|Kafka version : 1.1.0
2023-11-14T11:13:55,001|#|INFO|#|46732|#|main|#|org.apache.kafka.common.utils.AppInfoParser.<init>:110|#|Kafka commitId : fdcf75ea326b8e07
2023-11-14T11:13:55,274|#|INFO|#|46732|#|kafka-producer-network-thread | producer-1|#|org.apache.kafka.clients.Metadata.update:265|#|Cluster ID: QRD_nWluRUa56H56vgwSWA
2023-11-14T11:13:55,306|#|INFO|#|46732|#|main|#|org.apache.kafka.clients.producer.KafkaProducer.close:1054|#|[Producer clientId=producer-1] Closing the Kafka producer with timeoutMillis = 9223372036854775807 ms.
2023-11-14T11:29:25,993|#|INFO|#|47104|#|main|#|org.apache.kafka.clients.producer.ProducerConfig.logAll:279|#|ProducerConfig values: 
	acks = 1
	batch.size = 16384
	bootstrap.servers = [10.0.60.141:9092, 0.0.60.142:9092, 10.0.60.143:9092]
	buffer.memory = 33554432
	client.id = 
	compression.type = none
	connections.max.idle.ms = 540000
	enable.idempotence = false
	interceptor.classes = []
	key.serializer = class org.apache.kafka.common.serialization.StringSerializer
	linger.ms = 0
	max.block.ms = 60000
	max.in.flight.requests.per.connection = 5
	max.request.size = 1048576
	metadata.max.age.ms = 300000
	metric.reporters = []
	metrics.num.samples = 2
	metrics.recording.level = INFO
	metrics.sample.window.ms = 30000
	partitioner.class = class org.apache.kafka.clients.producer.internals.DefaultPartitioner
	receive.buffer.bytes = 32768
	reconnect.backoff.max.ms = 1000
	reconnect.backoff.ms = 50
	request.timeout.ms = 30000
	retries = 0
	retry.backoff.ms = 100
	sasl.jaas.config = null
	sasl.kerberos.kinit.cmd = /usr/bin/kinit
	sasl.kerberos.min.time.before.relogin = 60000
	sasl.kerberos.service.name = null
	sasl.kerberos.ticket.renew.jitter = 0.05
	sasl.kerberos.ticket.renew.window.factor = 0.8
	sasl.mechanism = GSSAPI
	security.protocol = PLAINTEXT
	send.buffer.bytes = 131072
	ssl.cipher.suites = null
	ssl.enabled.protocols = [TLSv1.2, TLSv1.1, TLSv1]
	ssl.endpoint.identification.algorithm = null
	ssl.key.password = null
	ssl.keymanager.algorithm = SunX509
	ssl.keystore.location = null
	ssl.keystore.password = null
	ssl.keystore.type = JKS
	ssl.protocol = TLS
	ssl.provider = null
	ssl.secure.random.implementation = null
	ssl.trustmanager.algorithm = PKIX
	ssl.truststore.location = null
	ssl.truststore.password = null
	ssl.truststore.type = JKS
	transaction.timeout.ms = 60000
	transactional.id = null
	value.serializer = class org.apache.kafka.common.serialization.StringSerializer

2023-11-14T11:29:26,047|#|WARN|#|47104|#|main|#|org.apache.kafka.clients.producer.ProducerConfig.logUnused:287|#|The configuration 'key.deserializer' was supplied but isn't a known config.
2023-11-14T11:29:26,048|#|WARN|#|47104|#|main|#|org.apache.kafka.clients.producer.ProducerConfig.logUnused:287|#|The configuration 'value.deserializer' was supplied but isn't a known config.
2023-11-14T11:29:26,048|#|WARN|#|47104|#|main|#|org.apache.kafka.clients.producer.ProducerConfig.logUnused:287|#|The configuration 'enable.auto.commit' was supplied but isn't a known config.
2023-11-14T11:29:26,048|#|WARN|#|47104|#|main|#|org.apache.kafka.clients.producer.ProducerConfig.logUnused:287|#|The configuration 'group.id' was supplied but isn't a known config.
2023-11-14T11:29:26,048|#|WARN|#|47104|#|main|#|org.apache.kafka.clients.producer.ProducerConfig.logUnused:287|#|The configuration 'auto.commit.interval.ms' was supplied but isn't a known config.
2023-11-14T11:29:26,048|#|WARN|#|47104|#|main|#|org.apache.kafka.clients.producer.ProducerConfig.logUnused:287|#|The configuration 'session.timeout.ms' was supplied but isn't a known config.
2023-11-14T11:29:26,048|#|WARN|#|47104|#|main|#|org.apache.kafka.clients.producer.ProducerConfig.logUnused:287|#|The configuration 'auto.offset.reset' was supplied but isn't a known config.
2023-11-14T11:29:26,049|#|INFO|#|47104|#|main|#|org.apache.kafka.common.utils.AppInfoParser.<init>:109|#|Kafka version : 1.1.0
2023-11-14T11:29:26,050|#|INFO|#|47104|#|main|#|org.apache.kafka.common.utils.AppInfoParser.<init>:110|#|Kafka commitId : fdcf75ea326b8e07
2023-11-14T11:29:26,291|#|INFO|#|47104|#|kafka-producer-network-thread | producer-1|#|org.apache.kafka.clients.Metadata.update:265|#|Cluster ID: QRD_nWluRUa56H56vgwSWA
2023-11-14T11:29:26,318|#|INFO|#|47104|#|main|#|org.apache.kafka.clients.producer.KafkaProducer.close:1054|#|[Producer clientId=producer-1] Closing the Kafka producer with timeoutMillis = 9223372036854775807 ms.
2023-11-14T14:12:48,057|#|INFO|#|48836|#|main|#|org.apache.kafka.clients.producer.ProducerConfig.logAll:279|#|ProducerConfig values: 
	acks = 1
	batch.size = 16384
	bootstrap.servers = [10.0.60.141:9092, 0.0.60.142:9092, 10.0.60.143:9092]
	buffer.memory = 33554432
	client.id = 
	compression.type = none
	connections.max.idle.ms = 540000
	enable.idempotence = false
	interceptor.classes = []
	key.serializer = class org.apache.kafka.common.serialization.StringSerializer
	linger.ms = 0
	max.block.ms = 60000
	max.in.flight.requests.per.connection = 5
	max.request.size = 1048576
	metadata.max.age.ms = 300000
	metric.reporters = []
	metrics.num.samples = 2
	metrics.recording.level = INFO
	metrics.sample.window.ms = 30000
	partitioner.class = class org.apache.kafka.clients.producer.internals.DefaultPartitioner
	receive.buffer.bytes = 32768
	reconnect.backoff.max.ms = 1000
	reconnect.backoff.ms = 50
	request.timeout.ms = 30000
	retries = 0
	retry.backoff.ms = 100
	sasl.jaas.config = null
	sasl.kerberos.kinit.cmd = /usr/bin/kinit
	sasl.kerberos.min.time.before.relogin = 60000
	sasl.kerberos.service.name = null
	sasl.kerberos.ticket.renew.jitter = 0.05
	sasl.kerberos.ticket.renew.window.factor = 0.8
	sasl.mechanism = GSSAPI
	security.protocol = PLAINTEXT
	send.buffer.bytes = 131072
	ssl.cipher.suites = null
	ssl.enabled.protocols = [TLSv1.2, TLSv1.1, TLSv1]
	ssl.endpoint.identification.algorithm = null
	ssl.key.password = null
	ssl.keymanager.algorithm = SunX509
	ssl.keystore.location = null
	ssl.keystore.password = null
	ssl.keystore.type = JKS
	ssl.protocol = TLS
	ssl.provider = null
	ssl.secure.random.implementation = null
	ssl.trustmanager.algorithm = PKIX
	ssl.truststore.location = null
	ssl.truststore.password = null
	ssl.truststore.type = JKS
	transaction.timeout.ms = 60000
	transactional.id = null
	value.serializer = class org.apache.kafka.common.serialization.StringSerializer

2023-11-14T14:12:48,114|#|WARN|#|48836|#|main|#|org.apache.kafka.clients.producer.ProducerConfig.logUnused:287|#|The configuration 'key.deserializer' was supplied but isn't a known config.
2023-11-14T14:12:48,114|#|WARN|#|48836|#|main|#|org.apache.kafka.clients.producer.ProducerConfig.logUnused:287|#|The configuration 'value.deserializer' was supplied but isn't a known config.
2023-11-14T14:12:48,114|#|WARN|#|48836|#|main|#|org.apache.kafka.clients.producer.ProducerConfig.logUnused:287|#|The configuration 'enable.auto.commit' was supplied but isn't a known config.
2023-11-14T14:12:48,115|#|WARN|#|48836|#|main|#|org.apache.kafka.clients.producer.ProducerConfig.logUnused:287|#|The configuration 'group.id' was supplied but isn't a known config.
2023-11-14T14:12:48,115|#|WARN|#|48836|#|main|#|org.apache.kafka.clients.producer.ProducerConfig.logUnused:287|#|The configuration 'auto.commit.interval.ms' was supplied but isn't a known config.
2023-11-14T14:12:48,115|#|WARN|#|48836|#|main|#|org.apache.kafka.clients.producer.ProducerConfig.logUnused:287|#|The configuration 'session.timeout.ms' was supplied but isn't a known config.
2023-11-14T14:12:48,115|#|WARN|#|48836|#|main|#|org.apache.kafka.clients.producer.ProducerConfig.logUnused:287|#|The configuration 'auto.offset.reset' was supplied but isn't a known config.
2023-11-14T14:12:48,117|#|INFO|#|48836|#|main|#|org.apache.kafka.common.utils.AppInfoParser.<init>:109|#|Kafka version : 1.1.0
2023-11-14T14:12:48,118|#|INFO|#|48836|#|main|#|org.apache.kafka.common.utils.AppInfoParser.<init>:110|#|Kafka commitId : fdcf75ea326b8e07
2023-11-14T14:12:48,351|#|INFO|#|48836|#|kafka-producer-network-thread | producer-1|#|org.apache.kafka.clients.Metadata.update:265|#|Cluster ID: QRD_nWluRUa56H56vgwSWA
2023-11-14T14:12:48,377|#|INFO|#|48836|#|main|#|org.apache.kafka.clients.producer.KafkaProducer.close:1054|#|[Producer clientId=producer-1] Closing the Kafka producer with timeoutMillis = 9223372036854775807 ms.
2023-11-14T14:56:20,368|#|INFO|#|49782|#|main|#|org.apache.kafka.clients.producer.ProducerConfig.logAll:279|#|ProducerConfig values: 
	acks = 1
	batch.size = 16384
	bootstrap.servers = [10.0.60.141:9092, 0.0.60.142:9092, 10.0.60.143:9092]
	buffer.memory = 33554432
	client.id = 
	compression.type = none
	connections.max.idle.ms = 540000
	enable.idempotence = false
	interceptor.classes = []
	key.serializer = class org.apache.kafka.common.serialization.StringSerializer
	linger.ms = 0
	max.block.ms = 60000
	max.in.flight.requests.per.connection = 5
	max.request.size = 1048576
	metadata.max.age.ms = 300000
	metric.reporters = []
	metrics.num.samples = 2
	metrics.recording.level = INFO
	metrics.sample.window.ms = 30000
	partitioner.class = class org.apache.kafka.clients.producer.internals.DefaultPartitioner
	receive.buffer.bytes = 32768
	reconnect.backoff.max.ms = 1000
	reconnect.backoff.ms = 50
	request.timeout.ms = 30000
	retries = 0
	retry.backoff.ms = 100
	sasl.jaas.config = null
	sasl.kerberos.kinit.cmd = /usr/bin/kinit
	sasl.kerberos.min.time.before.relogin = 60000
	sasl.kerberos.service.name = null
	sasl.kerberos.ticket.renew.jitter = 0.05
	sasl.kerberos.ticket.renew.window.factor = 0.8
	sasl.mechanism = GSSAPI
	security.protocol = PLAINTEXT
	send.buffer.bytes = 131072
	ssl.cipher.suites = null
	ssl.enabled.protocols = [TLSv1.2, TLSv1.1, TLSv1]
	ssl.endpoint.identification.algorithm = null
	ssl.key.password = null
	ssl.keymanager.algorithm = SunX509
	ssl.keystore.location = null
	ssl.keystore.password = null
	ssl.keystore.type = JKS
	ssl.protocol = TLS
	ssl.provider = null
	ssl.secure.random.implementation = null
	ssl.trustmanager.algorithm = PKIX
	ssl.truststore.location = null
	ssl.truststore.password = null
	ssl.truststore.type = JKS
	transaction.timeout.ms = 60000
	transactional.id = null
	value.serializer = class org.apache.kafka.common.serialization.StringSerializer

2023-11-14T14:56:20,430|#|WARN|#|49782|#|main|#|org.apache.kafka.clients.producer.ProducerConfig.logUnused:287|#|The configuration 'key.deserializer' was supplied but isn't a known config.
2023-11-14T14:56:20,430|#|WARN|#|49782|#|main|#|org.apache.kafka.clients.producer.ProducerConfig.logUnused:287|#|The configuration 'value.deserializer' was supplied but isn't a known config.
2023-11-14T14:56:20,430|#|WARN|#|49782|#|main|#|org.apache.kafka.clients.producer.ProducerConfig.logUnused:287|#|The configuration 'enable.auto.commit' was supplied but isn't a known config.
2023-11-14T14:56:20,430|#|WARN|#|49782|#|main|#|org.apache.kafka.clients.producer.ProducerConfig.logUnused:287|#|The configuration 'group.id' was supplied but isn't a known config.
2023-11-14T14:56:20,430|#|WARN|#|49782|#|main|#|org.apache.kafka.clients.producer.ProducerConfig.logUnused:287|#|The configuration 'auto.commit.interval.ms' was supplied but isn't a known config.
2023-11-14T14:56:20,430|#|WARN|#|49782|#|main|#|org.apache.kafka.clients.producer.ProducerConfig.logUnused:287|#|The configuration 'session.timeout.ms' was supplied but isn't a known config.
2023-11-14T14:56:20,431|#|WARN|#|49782|#|main|#|org.apache.kafka.clients.producer.ProducerConfig.logUnused:287|#|The configuration 'auto.offset.reset' was supplied but isn't a known config.
2023-11-14T14:56:20,433|#|INFO|#|49782|#|main|#|org.apache.kafka.common.utils.AppInfoParser.<init>:109|#|Kafka version : 1.1.0
2023-11-14T14:56:20,433|#|INFO|#|49782|#|main|#|org.apache.kafka.common.utils.AppInfoParser.<init>:110|#|Kafka commitId : fdcf75ea326b8e07
2023-11-14T14:56:20,703|#|INFO|#|49782|#|kafka-producer-network-thread | producer-1|#|org.apache.kafka.clients.Metadata.update:265|#|Cluster ID: QRD_nWluRUa56H56vgwSWA
2023-11-14T14:56:20,728|#|INFO|#|49782|#|main|#|org.apache.kafka.clients.producer.KafkaProducer.close:1054|#|[Producer clientId=producer-1] Closing the Kafka producer with timeoutMillis = 9223372036854775807 ms.
2023-11-14T14:57:41,401|#|INFO|#|49807|#|main|#|org.apache.kafka.clients.producer.ProducerConfig.logAll:279|#|ProducerConfig values: 
	acks = 1
	batch.size = 16384
	bootstrap.servers = [10.0.60.141:9092, 0.0.60.142:9092, 10.0.60.143:9092]
	buffer.memory = 33554432
	client.id = 
	compression.type = none
	connections.max.idle.ms = 540000
	enable.idempotence = false
	interceptor.classes = []
	key.serializer = class org.apache.kafka.common.serialization.StringSerializer
	linger.ms = 0
	max.block.ms = 60000
	max.in.flight.requests.per.connection = 5
	max.request.size = 1048576
	metadata.max.age.ms = 300000
	metric.reporters = []
	metrics.num.samples = 2
	metrics.recording.level = INFO
	metrics.sample.window.ms = 30000
	partitioner.class = class org.apache.kafka.clients.producer.internals.DefaultPartitioner
	receive.buffer.bytes = 32768
	reconnect.backoff.max.ms = 1000
	reconnect.backoff.ms = 50
	request.timeout.ms = 30000
	retries = 0
	retry.backoff.ms = 100
	sasl.jaas.config = null
	sasl.kerberos.kinit.cmd = /usr/bin/kinit
	sasl.kerberos.min.time.before.relogin = 60000
	sasl.kerberos.service.name = null
	sasl.kerberos.ticket.renew.jitter = 0.05
	sasl.kerberos.ticket.renew.window.factor = 0.8
	sasl.mechanism = GSSAPI
	security.protocol = PLAINTEXT
	send.buffer.bytes = 131072
	ssl.cipher.suites = null
	ssl.enabled.protocols = [TLSv1.2, TLSv1.1, TLSv1]
	ssl.endpoint.identification.algorithm = null
	ssl.key.password = null
	ssl.keymanager.algorithm = SunX509
	ssl.keystore.location = null
	ssl.keystore.password = null
	ssl.keystore.type = JKS
	ssl.protocol = TLS
	ssl.provider = null
	ssl.secure.random.implementation = null
	ssl.trustmanager.algorithm = PKIX
	ssl.truststore.location = null
	ssl.truststore.password = null
	ssl.truststore.type = JKS
	transaction.timeout.ms = 60000
	transactional.id = null
	value.serializer = class org.apache.kafka.common.serialization.StringSerializer

2023-11-14T14:57:41,460|#|WARN|#|49807|#|main|#|org.apache.kafka.clients.producer.ProducerConfig.logUnused:287|#|The configuration 'key.deserializer' was supplied but isn't a known config.
2023-11-14T14:57:41,460|#|WARN|#|49807|#|main|#|org.apache.kafka.clients.producer.ProducerConfig.logUnused:287|#|The configuration 'value.deserializer' was supplied but isn't a known config.
2023-11-14T14:57:41,461|#|WARN|#|49807|#|main|#|org.apache.kafka.clients.producer.ProducerConfig.logUnused:287|#|The configuration 'enable.auto.commit' was supplied but isn't a known config.
2023-11-14T14:57:41,461|#|WARN|#|49807|#|main|#|org.apache.kafka.clients.producer.ProducerConfig.logUnused:287|#|The configuration 'group.id' was supplied but isn't a known config.
2023-11-14T14:57:41,461|#|WARN|#|49807|#|main|#|org.apache.kafka.clients.producer.ProducerConfig.logUnused:287|#|The configuration 'auto.commit.interval.ms' was supplied but isn't a known config.
2023-11-14T14:57:41,461|#|WARN|#|49807|#|main|#|org.apache.kafka.clients.producer.ProducerConfig.logUnused:287|#|The configuration 'session.timeout.ms' was supplied but isn't a known config.
2023-11-14T14:57:41,461|#|WARN|#|49807|#|main|#|org.apache.kafka.clients.producer.ProducerConfig.logUnused:287|#|The configuration 'auto.offset.reset' was supplied but isn't a known config.
2023-11-14T14:57:41,463|#|INFO|#|49807|#|main|#|org.apache.kafka.common.utils.AppInfoParser.<init>:109|#|Kafka version : 1.1.0
2023-11-14T14:57:41,463|#|INFO|#|49807|#|main|#|org.apache.kafka.common.utils.AppInfoParser.<init>:110|#|Kafka commitId : fdcf75ea326b8e07
2023-11-14T14:57:41,883|#|INFO|#|49807|#|kafka-producer-network-thread | producer-1|#|org.apache.kafka.clients.Metadata.update:265|#|Cluster ID: QRD_nWluRUa56H56vgwSWA
2023-11-14T14:57:41,908|#|INFO|#|49807|#|main|#|org.apache.kafka.clients.producer.KafkaProducer.close:1054|#|[Producer clientId=producer-1] Closing the Kafka producer with timeoutMillis = 9223372036854775807 ms.
2023-11-14T15:00:53,556|#|INFO|#|49875|#|main|#|org.apache.kafka.clients.producer.ProducerConfig.logAll:279|#|ProducerConfig values: 
	acks = 1
	batch.size = 16384
	bootstrap.servers = [10.0.60.141:9092, 0.0.60.142:9092, 10.0.60.143:9092]
	buffer.memory = 33554432
	client.id = 
	compression.type = none
	connections.max.idle.ms = 540000
	enable.idempotence = false
	interceptor.classes = []
	key.serializer = class org.apache.kafka.common.serialization.StringSerializer
	linger.ms = 0
	max.block.ms = 60000
	max.in.flight.requests.per.connection = 5
	max.request.size = 1048576
	metadata.max.age.ms = 300000
	metric.reporters = []
	metrics.num.samples = 2
	metrics.recording.level = INFO
	metrics.sample.window.ms = 30000
	partitioner.class = class org.apache.kafka.clients.producer.internals.DefaultPartitioner
	receive.buffer.bytes = 32768
	reconnect.backoff.max.ms = 1000
	reconnect.backoff.ms = 50
	request.timeout.ms = 30000
	retries = 0
	retry.backoff.ms = 100
	sasl.jaas.config = null
	sasl.kerberos.kinit.cmd = /usr/bin/kinit
	sasl.kerberos.min.time.before.relogin = 60000
	sasl.kerberos.service.name = null
	sasl.kerberos.ticket.renew.jitter = 0.05
	sasl.kerberos.ticket.renew.window.factor = 0.8
	sasl.mechanism = GSSAPI
	security.protocol = PLAINTEXT
	send.buffer.bytes = 131072
	ssl.cipher.suites = null
	ssl.enabled.protocols = [TLSv1.2, TLSv1.1, TLSv1]
	ssl.endpoint.identification.algorithm = null
	ssl.key.password = null
	ssl.keymanager.algorithm = SunX509
	ssl.keystore.location = null
	ssl.keystore.password = null
	ssl.keystore.type = JKS
	ssl.protocol = TLS
	ssl.provider = null
	ssl.secure.random.implementation = null
	ssl.trustmanager.algorithm = PKIX
	ssl.truststore.location = null
	ssl.truststore.password = null
	ssl.truststore.type = JKS
	transaction.timeout.ms = 60000
	transactional.id = null
	value.serializer = class org.apache.kafka.common.serialization.StringSerializer

2023-11-14T15:00:53,614|#|WARN|#|49875|#|main|#|org.apache.kafka.clients.producer.ProducerConfig.logUnused:287|#|The configuration 'key.deserializer' was supplied but isn't a known config.
2023-11-14T15:00:53,614|#|WARN|#|49875|#|main|#|org.apache.kafka.clients.producer.ProducerConfig.logUnused:287|#|The configuration 'value.deserializer' was supplied but isn't a known config.
2023-11-14T15:00:53,614|#|WARN|#|49875|#|main|#|org.apache.kafka.clients.producer.ProducerConfig.logUnused:287|#|The configuration 'enable.auto.commit' was supplied but isn't a known config.
2023-11-14T15:00:53,614|#|WARN|#|49875|#|main|#|org.apache.kafka.clients.producer.ProducerConfig.logUnused:287|#|The configuration 'group.id' was supplied but isn't a known config.
2023-11-14T15:00:53,614|#|WARN|#|49875|#|main|#|org.apache.kafka.clients.producer.ProducerConfig.logUnused:287|#|The configuration 'auto.commit.interval.ms' was supplied but isn't a known config.
2023-11-14T15:00:53,614|#|WARN|#|49875|#|main|#|org.apache.kafka.clients.producer.ProducerConfig.logUnused:287|#|The configuration 'session.timeout.ms' was supplied but isn't a known config.
2023-11-14T15:00:53,614|#|WARN|#|49875|#|main|#|org.apache.kafka.clients.producer.ProducerConfig.logUnused:287|#|The configuration 'auto.offset.reset' was supplied but isn't a known config.
2023-11-14T15:00:53,616|#|INFO|#|49875|#|main|#|org.apache.kafka.common.utils.AppInfoParser.<init>:109|#|Kafka version : 1.1.0
2023-11-14T15:00:53,616|#|INFO|#|49875|#|main|#|org.apache.kafka.common.utils.AppInfoParser.<init>:110|#|Kafka commitId : fdcf75ea326b8e07
2023-11-14T15:00:53,955|#|INFO|#|49875|#|kafka-producer-network-thread | producer-1|#|org.apache.kafka.clients.Metadata.update:265|#|Cluster ID: QRD_nWluRUa56H56vgwSWA
2023-11-14T15:00:53,981|#|INFO|#|49875|#|main|#|org.apache.kafka.clients.producer.KafkaProducer.close:1054|#|[Producer clientId=producer-1] Closing the Kafka producer with timeoutMillis = 9223372036854775807 ms.
2023-11-14T15:12:00,606|#|INFO|#|50099|#|main|#|org.apache.kafka.clients.producer.ProducerConfig.logAll:279|#|ProducerConfig values: 
	acks = 1
	batch.size = 16384
	bootstrap.servers = [10.0.60.141:9092, 0.0.60.142:9092, 10.0.60.143:9092]
	buffer.memory = 33554432
	client.id = 
	compression.type = none
	connections.max.idle.ms = 540000
	enable.idempotence = false
	interceptor.classes = []
	key.serializer = class org.apache.kafka.common.serialization.StringSerializer
	linger.ms = 0
	max.block.ms = 60000
	max.in.flight.requests.per.connection = 5
	max.request.size = 1048576
	metadata.max.age.ms = 300000
	metric.reporters = []
	metrics.num.samples = 2
	metrics.recording.level = INFO
	metrics.sample.window.ms = 30000
	partitioner.class = class org.apache.kafka.clients.producer.internals.DefaultPartitioner
	receive.buffer.bytes = 32768
	reconnect.backoff.max.ms = 1000
	reconnect.backoff.ms = 50
	request.timeout.ms = 30000
	retries = 0
	retry.backoff.ms = 100
	sasl.jaas.config = null
	sasl.kerberos.kinit.cmd = /usr/bin/kinit
	sasl.kerberos.min.time.before.relogin = 60000
	sasl.kerberos.service.name = null
	sasl.kerberos.ticket.renew.jitter = 0.05
	sasl.kerberos.ticket.renew.window.factor = 0.8
	sasl.mechanism = GSSAPI
	security.protocol = PLAINTEXT
	send.buffer.bytes = 131072
	ssl.cipher.suites = null
	ssl.enabled.protocols = [TLSv1.2, TLSv1.1, TLSv1]
	ssl.endpoint.identification.algorithm = null
	ssl.key.password = null
	ssl.keymanager.algorithm = SunX509
	ssl.keystore.location = null
	ssl.keystore.password = null
	ssl.keystore.type = JKS
	ssl.protocol = TLS
	ssl.provider = null
	ssl.secure.random.implementation = null
	ssl.trustmanager.algorithm = PKIX
	ssl.truststore.location = null
	ssl.truststore.password = null
	ssl.truststore.type = JKS
	transaction.timeout.ms = 60000
	transactional.id = null
	value.serializer = class org.apache.kafka.common.serialization.StringSerializer

2023-11-14T15:12:00,687|#|WARN|#|50099|#|main|#|org.apache.kafka.clients.producer.ProducerConfig.logUnused:287|#|The configuration 'key.deserializer' was supplied but isn't a known config.
2023-11-14T15:12:00,687|#|WARN|#|50099|#|main|#|org.apache.kafka.clients.producer.ProducerConfig.logUnused:287|#|The configuration 'value.deserializer' was supplied but isn't a known config.
2023-11-14T15:12:00,687|#|WARN|#|50099|#|main|#|org.apache.kafka.clients.producer.ProducerConfig.logUnused:287|#|The configuration 'enable.auto.commit' was supplied but isn't a known config.
2023-11-14T15:12:00,688|#|WARN|#|50099|#|main|#|org.apache.kafka.clients.producer.ProducerConfig.logUnused:287|#|The configuration 'group.id' was supplied but isn't a known config.
2023-11-14T15:12:00,688|#|WARN|#|50099|#|main|#|org.apache.kafka.clients.producer.ProducerConfig.logUnused:287|#|The configuration 'auto.commit.interval.ms' was supplied but isn't a known config.
2023-11-14T15:12:00,688|#|WARN|#|50099|#|main|#|org.apache.kafka.clients.producer.ProducerConfig.logUnused:287|#|The configuration 'session.timeout.ms' was supplied but isn't a known config.
2023-11-14T15:12:00,688|#|WARN|#|50099|#|main|#|org.apache.kafka.clients.producer.ProducerConfig.logUnused:287|#|The configuration 'auto.offset.reset' was supplied but isn't a known config.
2023-11-14T15:12:00,690|#|INFO|#|50099|#|main|#|org.apache.kafka.common.utils.AppInfoParser.<init>:109|#|Kafka version : 1.1.0
2023-11-14T15:12:00,690|#|INFO|#|50099|#|main|#|org.apache.kafka.common.utils.AppInfoParser.<init>:110|#|Kafka commitId : fdcf75ea326b8e07
2023-11-14T15:12:01,104|#|INFO|#|50099|#|kafka-producer-network-thread | producer-1|#|org.apache.kafka.clients.Metadata.update:265|#|Cluster ID: QRD_nWluRUa56H56vgwSWA
2023-11-14T15:12:01,125|#|INFO|#|50099|#|main|#|org.apache.kafka.clients.producer.KafkaProducer.close:1054|#|[Producer clientId=producer-1] Closing the Kafka producer with timeoutMillis = 9223372036854775807 ms.
2023-11-14T15:58:22,015|#|INFO|#|50932|#|main|#|org.apache.kafka.clients.producer.ProducerConfig.logAll:279|#|ProducerConfig values: 
	acks = 1
	batch.size = 16384
	bootstrap.servers = [10.0.60.141:9092, 0.0.60.142:9092, 10.0.60.143:9092]
	buffer.memory = 33554432
	client.id = 
	compression.type = none
	connections.max.idle.ms = 540000
	enable.idempotence = false
	interceptor.classes = []
	key.serializer = class org.apache.kafka.common.serialization.StringSerializer
	linger.ms = 0
	max.block.ms = 60000
	max.in.flight.requests.per.connection = 5
	max.request.size = 1048576
	metadata.max.age.ms = 300000
	metric.reporters = []
	metrics.num.samples = 2
	metrics.recording.level = INFO
	metrics.sample.window.ms = 30000
	partitioner.class = class org.apache.kafka.clients.producer.internals.DefaultPartitioner
	receive.buffer.bytes = 32768
	reconnect.backoff.max.ms = 1000
	reconnect.backoff.ms = 50
	request.timeout.ms = 30000
	retries = 0
	retry.backoff.ms = 100
	sasl.jaas.config = null
	sasl.kerberos.kinit.cmd = /usr/bin/kinit
	sasl.kerberos.min.time.before.relogin = 60000
	sasl.kerberos.service.name = null
	sasl.kerberos.ticket.renew.jitter = 0.05
	sasl.kerberos.ticket.renew.window.factor = 0.8
	sasl.mechanism = GSSAPI
	security.protocol = PLAINTEXT
	send.buffer.bytes = 131072
	ssl.cipher.suites = null
	ssl.enabled.protocols = [TLSv1.2, TLSv1.1, TLSv1]
	ssl.endpoint.identification.algorithm = null
	ssl.key.password = null
	ssl.keymanager.algorithm = SunX509
	ssl.keystore.location = null
	ssl.keystore.password = null
	ssl.keystore.type = JKS
	ssl.protocol = TLS
	ssl.provider = null
	ssl.secure.random.implementation = null
	ssl.trustmanager.algorithm = PKIX
	ssl.truststore.location = null
	ssl.truststore.password = null
	ssl.truststore.type = JKS
	transaction.timeout.ms = 60000
	transactional.id = null
	value.serializer = class org.apache.kafka.common.serialization.StringSerializer

2023-11-14T15:58:22,078|#|WARN|#|50932|#|main|#|org.apache.kafka.clients.producer.ProducerConfig.logUnused:287|#|The configuration 'key.deserializer' was supplied but isn't a known config.
2023-11-14T15:58:22,078|#|WARN|#|50932|#|main|#|org.apache.kafka.clients.producer.ProducerConfig.logUnused:287|#|The configuration 'value.deserializer' was supplied but isn't a known config.
2023-11-14T15:58:22,078|#|WARN|#|50932|#|main|#|org.apache.kafka.clients.producer.ProducerConfig.logUnused:287|#|The configuration 'enable.auto.commit' was supplied but isn't a known config.
2023-11-14T15:58:22,078|#|WARN|#|50932|#|main|#|org.apache.kafka.clients.producer.ProducerConfig.logUnused:287|#|The configuration 'group.id' was supplied but isn't a known config.
2023-11-14T15:58:22,078|#|WARN|#|50932|#|main|#|org.apache.kafka.clients.producer.ProducerConfig.logUnused:287|#|The configuration 'auto.commit.interval.ms' was supplied but isn't a known config.
2023-11-14T15:58:22,079|#|WARN|#|50932|#|main|#|org.apache.kafka.clients.producer.ProducerConfig.logUnused:287|#|The configuration 'session.timeout.ms' was supplied but isn't a known config.
2023-11-14T15:58:22,079|#|WARN|#|50932|#|main|#|org.apache.kafka.clients.producer.ProducerConfig.logUnused:287|#|The configuration 'auto.offset.reset' was supplied but isn't a known config.
2023-11-14T15:58:22,080|#|INFO|#|50932|#|main|#|org.apache.kafka.common.utils.AppInfoParser.<init>:109|#|Kafka version : 1.1.0
2023-11-14T15:58:22,080|#|INFO|#|50932|#|main|#|org.apache.kafka.common.utils.AppInfoParser.<init>:110|#|Kafka commitId : fdcf75ea326b8e07
2023-11-14T15:58:22,331|#|INFO|#|50932|#|kafka-producer-network-thread | producer-1|#|org.apache.kafka.clients.Metadata.update:265|#|Cluster ID: QRD_nWluRUa56H56vgwSWA
2023-11-14T15:58:22,353|#|INFO|#|50932|#|main|#|org.apache.kafka.clients.producer.KafkaProducer.close:1054|#|[Producer clientId=producer-1] Closing the Kafka producer with timeoutMillis = 9223372036854775807 ms.
2023-11-14T17:10:29,927|#|INFO|#|55133|#|main|#|org.apache.kafka.clients.producer.ProducerConfig.logAll:279|#|ProducerConfig values: 
	acks = 1
	batch.size = 16384
	bootstrap.servers = [10.0.60.141:9092, 0.0.60.142:9092, 10.0.60.143:9092]
	buffer.memory = 33554432
	client.id = 
	compression.type = none
	connections.max.idle.ms = 540000
	enable.idempotence = false
	interceptor.classes = []
	key.serializer = class org.apache.kafka.common.serialization.StringSerializer
	linger.ms = 0
	max.block.ms = 60000
	max.in.flight.requests.per.connection = 5
	max.request.size = 1048576
	metadata.max.age.ms = 300000
	metric.reporters = []
	metrics.num.samples = 2
	metrics.recording.level = INFO
	metrics.sample.window.ms = 30000
	partitioner.class = class org.apache.kafka.clients.producer.internals.DefaultPartitioner
	receive.buffer.bytes = 32768
	reconnect.backoff.max.ms = 1000
	reconnect.backoff.ms = 50
	request.timeout.ms = 30000
	retries = 0
	retry.backoff.ms = 100
	sasl.jaas.config = null
	sasl.kerberos.kinit.cmd = /usr/bin/kinit
	sasl.kerberos.min.time.before.relogin = 60000
	sasl.kerberos.service.name = null
	sasl.kerberos.ticket.renew.jitter = 0.05
	sasl.kerberos.ticket.renew.window.factor = 0.8
	sasl.mechanism = GSSAPI
	security.protocol = PLAINTEXT
	send.buffer.bytes = 131072
	ssl.cipher.suites = null
	ssl.enabled.protocols = [TLSv1.2, TLSv1.1, TLSv1]
	ssl.endpoint.identification.algorithm = null
	ssl.key.password = null
	ssl.keymanager.algorithm = SunX509
	ssl.keystore.location = null
	ssl.keystore.password = null
	ssl.keystore.type = JKS
	ssl.protocol = TLS
	ssl.provider = null
	ssl.secure.random.implementation = null
	ssl.trustmanager.algorithm = PKIX
	ssl.truststore.location = null
	ssl.truststore.password = null
	ssl.truststore.type = JKS
	transaction.timeout.ms = 60000
	transactional.id = null
	value.serializer = class org.apache.kafka.common.serialization.StringSerializer

2023-11-14T17:10:29,986|#|WARN|#|55133|#|main|#|org.apache.kafka.clients.producer.ProducerConfig.logUnused:287|#|The configuration 'key.deserializer' was supplied but isn't a known config.
2023-11-14T17:10:29,986|#|WARN|#|55133|#|main|#|org.apache.kafka.clients.producer.ProducerConfig.logUnused:287|#|The configuration 'value.deserializer' was supplied but isn't a known config.
2023-11-14T17:10:29,986|#|WARN|#|55133|#|main|#|org.apache.kafka.clients.producer.ProducerConfig.logUnused:287|#|The configuration 'enable.auto.commit' was supplied but isn't a known config.
2023-11-14T17:10:29,986|#|WARN|#|55133|#|main|#|org.apache.kafka.clients.producer.ProducerConfig.logUnused:287|#|The configuration 'group.id' was supplied but isn't a known config.
2023-11-14T17:10:29,986|#|WARN|#|55133|#|main|#|org.apache.kafka.clients.producer.ProducerConfig.logUnused:287|#|The configuration 'auto.commit.interval.ms' was supplied but isn't a known config.
2023-11-14T17:10:29,987|#|WARN|#|55133|#|main|#|org.apache.kafka.clients.producer.ProducerConfig.logUnused:287|#|The configuration 'session.timeout.ms' was supplied but isn't a known config.
2023-11-14T17:10:29,987|#|WARN|#|55133|#|main|#|org.apache.kafka.clients.producer.ProducerConfig.logUnused:287|#|The configuration 'auto.offset.reset' was supplied but isn't a known config.
2023-11-14T17:10:29,988|#|INFO|#|55133|#|main|#|org.apache.kafka.common.utils.AppInfoParser.<init>:109|#|Kafka version : 1.1.0
2023-11-14T17:10:29,989|#|INFO|#|55133|#|main|#|org.apache.kafka.common.utils.AppInfoParser.<init>:110|#|Kafka commitId : fdcf75ea326b8e07
2023-11-14T17:10:30,223|#|INFO|#|55133|#|kafka-producer-network-thread | producer-1|#|org.apache.kafka.clients.Metadata.update:265|#|Cluster ID: QRD_nWluRUa56H56vgwSWA
2023-11-14T17:10:30,240|#|INFO|#|55133|#|main|#|org.apache.kafka.clients.producer.KafkaProducer.close:1054|#|[Producer clientId=producer-1] Closing the Kafka producer with timeoutMillis = 9223372036854775807 ms.
2023-11-14T17:21:01,421|#|INFO|#|55324|#|main|#|org.apache.kafka.clients.producer.ProducerConfig.logAll:279|#|ProducerConfig values: 
	acks = 1
	batch.size = 16384
	bootstrap.servers = [10.0.60.141:9092, 0.0.60.142:9092, 10.0.60.143:9092]
	buffer.memory = 33554432
	client.id = 
	compression.type = none
	connections.max.idle.ms = 540000
	enable.idempotence = false
	interceptor.classes = []
	key.serializer = class org.apache.kafka.common.serialization.StringSerializer
	linger.ms = 0
	max.block.ms = 60000
	max.in.flight.requests.per.connection = 5
	max.request.size = 1048576
	metadata.max.age.ms = 300000
	metric.reporters = []
	metrics.num.samples = 2
	metrics.recording.level = INFO
	metrics.sample.window.ms = 30000
	partitioner.class = class org.apache.kafka.clients.producer.internals.DefaultPartitioner
	receive.buffer.bytes = 32768
	reconnect.backoff.max.ms = 1000
	reconnect.backoff.ms = 50
	request.timeout.ms = 30000
	retries = 0
	retry.backoff.ms = 100
	sasl.jaas.config = null
	sasl.kerberos.kinit.cmd = /usr/bin/kinit
	sasl.kerberos.min.time.before.relogin = 60000
	sasl.kerberos.service.name = null
	sasl.kerberos.ticket.renew.jitter = 0.05
	sasl.kerberos.ticket.renew.window.factor = 0.8
	sasl.mechanism = GSSAPI
	security.protocol = PLAINTEXT
	send.buffer.bytes = 131072
	ssl.cipher.suites = null
	ssl.enabled.protocols = [TLSv1.2, TLSv1.1, TLSv1]
	ssl.endpoint.identification.algorithm = null
	ssl.key.password = null
	ssl.keymanager.algorithm = SunX509
	ssl.keystore.location = null
	ssl.keystore.password = null
	ssl.keystore.type = JKS
	ssl.protocol = TLS
	ssl.provider = null
	ssl.secure.random.implementation = null
	ssl.trustmanager.algorithm = PKIX
	ssl.truststore.location = null
	ssl.truststore.password = null
	ssl.truststore.type = JKS
	transaction.timeout.ms = 60000
	transactional.id = null
	value.serializer = class org.apache.kafka.common.serialization.StringSerializer

2023-11-14T17:21:01,540|#|WARN|#|55324|#|main|#|org.apache.kafka.clients.producer.ProducerConfig.logUnused:287|#|The configuration 'key.deserializer' was supplied but isn't a known config.
2023-11-14T17:21:01,540|#|WARN|#|55324|#|main|#|org.apache.kafka.clients.producer.ProducerConfig.logUnused:287|#|The configuration 'value.deserializer' was supplied but isn't a known config.
2023-11-14T17:21:01,541|#|WARN|#|55324|#|main|#|org.apache.kafka.clients.producer.ProducerConfig.logUnused:287|#|The configuration 'enable.auto.commit' was supplied but isn't a known config.
2023-11-14T17:21:01,541|#|WARN|#|55324|#|main|#|org.apache.kafka.clients.producer.ProducerConfig.logUnused:287|#|The configuration 'group.id' was supplied but isn't a known config.
2023-11-14T17:21:01,541|#|WARN|#|55324|#|main|#|org.apache.kafka.clients.producer.ProducerConfig.logUnused:287|#|The configuration 'auto.commit.interval.ms' was supplied but isn't a known config.
2023-11-14T17:21:01,542|#|WARN|#|55324|#|main|#|org.apache.kafka.clients.producer.ProducerConfig.logUnused:287|#|The configuration 'session.timeout.ms' was supplied but isn't a known config.
2023-11-14T17:21:01,542|#|WARN|#|55324|#|main|#|org.apache.kafka.clients.producer.ProducerConfig.logUnused:287|#|The configuration 'auto.offset.reset' was supplied but isn't a known config.
2023-11-14T17:21:01,546|#|INFO|#|55324|#|main|#|org.apache.kafka.common.utils.AppInfoParser.<init>:109|#|Kafka version : 1.1.0
2023-11-14T17:21:01,546|#|INFO|#|55324|#|main|#|org.apache.kafka.common.utils.AppInfoParser.<init>:110|#|Kafka commitId : fdcf75ea326b8e07
2023-11-14T17:21:01,883|#|INFO|#|55324|#|kafka-producer-network-thread | producer-1|#|org.apache.kafka.clients.Metadata.update:265|#|Cluster ID: QRD_nWluRUa56H56vgwSWA
2023-11-14T17:21:02,239|#|INFO|#|55324|#|main|#|org.apache.kafka.clients.producer.KafkaProducer.close:1054|#|[Producer clientId=producer-1] Closing the Kafka producer with timeoutMillis = 9223372036854775807 ms.
2023-11-14T17:21:59,127|#|INFO|#|55381|#|main|#|org.apache.kafka.clients.producer.ProducerConfig.logAll:279|#|ProducerConfig values: 
	acks = 1
	batch.size = 16384
	bootstrap.servers = [10.0.60.141:9092, 0.0.60.142:9092, 10.0.60.143:9092]
	buffer.memory = 33554432
	client.id = 
	compression.type = none
	connections.max.idle.ms = 540000
	enable.idempotence = false
	interceptor.classes = []
	key.serializer = class org.apache.kafka.common.serialization.StringSerializer
	linger.ms = 0
	max.block.ms = 60000
	max.in.flight.requests.per.connection = 5
	max.request.size = 1048576
	metadata.max.age.ms = 300000
	metric.reporters = []
	metrics.num.samples = 2
	metrics.recording.level = INFO
	metrics.sample.window.ms = 30000
	partitioner.class = class org.apache.kafka.clients.producer.internals.DefaultPartitioner
	receive.buffer.bytes = 32768
	reconnect.backoff.max.ms = 1000
	reconnect.backoff.ms = 50
	request.timeout.ms = 30000
	retries = 0
	retry.backoff.ms = 100
	sasl.jaas.config = null
	sasl.kerberos.kinit.cmd = /usr/bin/kinit
	sasl.kerberos.min.time.before.relogin = 60000
	sasl.kerberos.service.name = null
	sasl.kerberos.ticket.renew.jitter = 0.05
	sasl.kerberos.ticket.renew.window.factor = 0.8
	sasl.mechanism = GSSAPI
	security.protocol = PLAINTEXT
	send.buffer.bytes = 131072
	ssl.cipher.suites = null
	ssl.enabled.protocols = [TLSv1.2, TLSv1.1, TLSv1]
	ssl.endpoint.identification.algorithm = null
	ssl.key.password = null
	ssl.keymanager.algorithm = SunX509
	ssl.keystore.location = null
	ssl.keystore.password = null
	ssl.keystore.type = JKS
	ssl.protocol = TLS
	ssl.provider = null
	ssl.secure.random.implementation = null
	ssl.trustmanager.algorithm = PKIX
	ssl.truststore.location = null
	ssl.truststore.password = null
	ssl.truststore.type = JKS
	transaction.timeout.ms = 60000
	transactional.id = null
	value.serializer = class org.apache.kafka.common.serialization.StringSerializer

2023-11-14T17:21:59,173|#|WARN|#|55381|#|main|#|org.apache.kafka.clients.producer.ProducerConfig.logUnused:287|#|The configuration 'key.deserializer' was supplied but isn't a known config.
2023-11-14T17:21:59,174|#|WARN|#|55381|#|main|#|org.apache.kafka.clients.producer.ProducerConfig.logUnused:287|#|The configuration 'value.deserializer' was supplied but isn't a known config.
2023-11-14T17:21:59,174|#|WARN|#|55381|#|main|#|org.apache.kafka.clients.producer.ProducerConfig.logUnused:287|#|The configuration 'enable.auto.commit' was supplied but isn't a known config.
2023-11-14T17:21:59,174|#|WARN|#|55381|#|main|#|org.apache.kafka.clients.producer.ProducerConfig.logUnused:287|#|The configuration 'group.id' was supplied but isn't a known config.
2023-11-14T17:21:59,174|#|WARN|#|55381|#|main|#|org.apache.kafka.clients.producer.ProducerConfig.logUnused:287|#|The configuration 'auto.commit.interval.ms' was supplied but isn't a known config.
2023-11-14T17:21:59,174|#|WARN|#|55381|#|main|#|org.apache.kafka.clients.producer.ProducerConfig.logUnused:287|#|The configuration 'session.timeout.ms' was supplied but isn't a known config.
2023-11-14T17:21:59,174|#|WARN|#|55381|#|main|#|org.apache.kafka.clients.producer.ProducerConfig.logUnused:287|#|The configuration 'auto.offset.reset' was supplied but isn't a known config.
2023-11-14T17:21:59,176|#|INFO|#|55381|#|main|#|org.apache.kafka.common.utils.AppInfoParser.<init>:109|#|Kafka version : 1.1.0
2023-11-14T17:21:59,176|#|INFO|#|55381|#|main|#|org.apache.kafka.common.utils.AppInfoParser.<init>:110|#|Kafka commitId : fdcf75ea326b8e07
2023-11-14T17:21:59,496|#|INFO|#|55381|#|kafka-producer-network-thread | producer-1|#|org.apache.kafka.clients.Metadata.update:265|#|Cluster ID: QRD_nWluRUa56H56vgwSWA
2023-11-14T17:21:59,684|#|INFO|#|55381|#|main|#|org.apache.kafka.clients.producer.KafkaProducer.close:1054|#|[Producer clientId=producer-1] Closing the Kafka producer with timeoutMillis = 9223372036854775807 ms.
